F:\BIAOJI UNIFY VERSION\LIB\WIN32\HYMETERRECOG.LIB
F:\BIAOJI UNIFY VERSION\MAKEFILE\HYMETERRECOG_WIN32\RELEASE\BBGEOMETRY.OBJ
F:\BIAOJI UNIFY VERSION\MAKEFILE\HYMETERRECOG_WIN32\RELEASE\BLOBFILTER.OBJ
F:\biaoji Unify version\makefile\HYMeterRecog_win32\Release\cl.command.1.tlog
F:\biaoji Unify version\makefile\HYMeterRecog_win32\Release\CL.read.1.tlog
F:\biaoji Unify version\makefile\HYMeterRecog_win32\Release\CL.write.1.tlog
F:\BIAOJI UNIFY VERSION\MAKEFILE\HYMETERRECOG_WIN32\RELEASE\FACEMASK.OBJ
F:\BIAOJI UNIFY VERSION\MAKEFILE\HYMETERRECOG_WIN32\RELEASE\GRADIENT.OBJ
F:\BIAOJI UNIFY VERSION\MAKEFILE\HYMETERRECOG_WIN32\RELEASE\HAARRESPONSE.OBJ
F:\BIAOJI UNIFY VERSION\MAKEFILE\HYMETERRECOG_WIN32\RELEASE\HISI.OBJ
F:\BIAOJI UNIFY VERSION\MAKEFILE\HYMETERRECOG_WIN32\RELEASE\HOUGH.OBJ
F:\BIAOJI UNIFY VERSION\MAKEFILE\HYMETERRECOG_WIN32\RELEASE\HY_METERREG.OBJ
F:\biaoji Unify version\makefile\HYMeterRecog_win32\Release\HYMeterRecog.vcxprojResolveAssemblyReference.cache
F:\biaoji Unify version\makefile\HYMeterRecog_win32\Release\HYMeterRecog.write.1.tlog
F:\biaoji Unify version\makefile\HYMeterRecog_win32\Release\lib.command.1.tlog
F:\biaoji Unify version\makefile\HYMeterRecog_win32\Release\Lib-link.read.1.tlog
F:\biaoji Unify version\makefile\HYMeterRecog_win32\Release\Lib-link.write.1.tlog
F:\BIAOJI UNIFY VERSION\MAKEFILE\HYMETERRECOG_WIN32\RELEASE\LIBLOCK.OBJ
F:\BIAOJI UNIFY VERSION\MAKEFILE\HYMETERRECOG_WIN32\RELEASE\LICHANNEL.OBJ
F:\BIAOJI UNIFY VERSION\MAKEFILE\HYMETERRECOG_WIN32\RELEASE\LIDEBUG.OBJ
F:\BIAOJI UNIFY VERSION\MAKEFILE\HYMETERRECOG_WIN32\RELEASE\LIEDGE.OBJ
F:\BIAOJI UNIFY VERSION\MAKEFILE\HYMETERRECOG_WIN32\RELEASE\LIIMAGE.OBJ
F:\BIAOJI UNIFY VERSION\MAKEFILE\HYMETERRECOG_WIN32\RELEASE\LIIMGFMTTRANS.OBJ
F:\BIAOJI UNIFY VERSION\MAKEFILE\HYMETERRECOG_WIN32\RELEASE\LIINTEGRAL.OBJ
F:\BIAOJI UNIFY VERSION\MAKEFILE\HYMETERRECOG_WIN32\RELEASE\LIMASK.OBJ
F:\BIAOJI UNIFY VERSION\MAKEFILE\HYMETERRECOG_WIN32\RELEASE\LIMEM.OBJ
F:\BIAOJI UNIFY VERSION\MAKEFILE\HYMETERRECOG_WIN32\RELEASE\LIRESIZE.OBJ
F:\BIAOJI UNIFY VERSION\MAKEFILE\HYMETERRECOG_WIN32\RELEASE\LIRGB_YUV.OBJ
F:\BIAOJI UNIFY VERSION\MAKEFILE\HYMETERRECOG_WIN32\RELEASE\LISORT.OBJ
F:\BIAOJI UNIFY VERSION\MAKEFILE\HYMETERRECOG_WIN32\RELEASE\LITIMER.OBJ
F:\BIAOJI UNIFY VERSION\MAKEFILE\HYMETERRECOG_WIN32\RELEASE\LIWATERMARK.OBJ
F:\BIAOJI UNIFY VERSION\MAKEFILE\HYMETERRECOG_WIN32\RELEASE\MATCHRIGIDBODY.OBJ
F:\BIAOJI UNIFY VERSION\MAKEFILE\HYMETERRECOG_WIN32\RELEASE\NCC.OBJ
F:\BIAOJI UNIFY VERSION\MAKEFILE\HYMETERRECOG_WIN32\RELEASE\RESAMPLE.OBJ
F:\BIAOJI UNIFY VERSION\MAKEFILE\HYMETERRECOG_WIN32\RELEASE\ROTATEBLOCK.OBJ
F:\BIAOJI UNIFY VERSION\MAKEFILE\HYMETERRECOG_WIN32\RELEASE\SALIENCYDETECT.OBJ
F:\BIAOJI UNIFY VERSION\MAKEFILE\HYMETERRECOG_WIN32\RELEASE\SNAKE.OBJ
F:\BIAOJI UNIFY VERSION\MAKEFILE\HYMETERRECOG_WIN32\RELEASE\SORT.OBJ
F:\BIAOJI UNIFY VERSION\MAKEFILE\HYMETERRECOG_WIN32\RELEASE\SYMTRANS.OBJ
F:\BIAOJI UNIFY VERSION\MAKEFILE\HYMETERRECOG_WIN32\RELEASE\VC100.PDB
F:\BIAOJI UNIFY VERSION\MAKEFILE\HYMETERRECOG_WIN32\RELEASE\VERSION.OBJ
F:\BIAOJI UNIFY VERSION\MAKEFILE\HYMETERRECOG_WIN32\RELEASE\WYMATCHRIGIDBODY.OBJ
F:\BIAOJI UNIFY VERSION\MAKEFILE\HYMETERRECOG_WIN32\RELEASE\WYMATCHRIGIDBODYIF.OBJ
F:\BIAOJI UNIFY VERSION\MAKEFILE\HYMETERRECOG_WIN32\RELEASE\WYVAFUNC.OBJ
